  MyForm.cpp
c:\users\johan\source\repos\com\com\MyForm.h(358): warning C4244: '=': conversión de 'double' a 'int'; posible pérdida de datos
c:\users\johan\source\repos\com\com\MyForm.h(359): warning C4244: '=': conversión de 'double' a 'int'; posible pérdida de datos
c:\users\johan\source\repos\com\com\MyForm.h(377): warning C4101: 'posyAnterior': variable local sin referencia
c:\users\johan\source\repos\com\com\MyForm.h(376): warning C4101: 'posxAnterior': variable local sin referencia
c:\users\johan\documents\opencv\build\include\opencv2\core\cvstd.hpp(575): warning C4793: 'cv::String::String': función compilada como nativa :
  	Se encontró un elemento intrínseco no admitido en código administrado
c:\users\johan\documents\opencv\build\include\opencv2\core\mat.inl.hpp(482): warning C4793: 'cv::Mat::Mat': función compilada como nativa :
  	Se encontró un elemento intrínseco no admitido en código administrado
c:\users\johan\documents\opencv\build\include\opencv2\core\mat.inl.hpp(803): warning C4793: 'cv::Mat::release': función compilada como nativa :
  	Se encontró un elemento intrínseco no admitido en código administrado
c:\users\johan\documents\opencv\build\include\opencv2\core\mat.inl.hpp(2118): warning C4793: 'cv::SparseMat::addref': función compilada como nativa :
  	Se encontró un elemento intrínseco no admitido en código administrado
c:\users\johan\documents\opencv\build\include\opencv2\core\mat.inl.hpp(3718): warning C4793: 'cv::UMat::addref': función compilada como nativa :
  	Se encontró un elemento intrínseco no admitido en código administrado
c:\users\johan\documents\opencv\build\include\opencv2\core\ptr.inl.hpp(67): warning C4793: 'cv::detail::PtrOwner::incRef': función compilada como nativa :
  	Se encontró un elemento intrínseco no admitido en código administrado
c:\users\johan\documents\opencv\build\include\opencv2\core\ptr.inl.hpp(72): warning C4793: 'cv::detail::PtrOwner::decRef': función compilada como nativa :
  	Se encontró un elemento intrínseco no admitido en código administrado
  Com.vcxproj -> C:\Users\johan\source\repos\Com\x64\Debug\Com.exe
